<?xml version="1.0" encoding="UTF-8"?>
<!-- Generated by org.testng.reporters.JUnitReportReporter -->
<testsuite hostname="DESKTOP-AOFC2TM" failures="0" tests="1" name="com.demowebshop.test_scripts.Test_Script_smartphone_search" time="3.589" errors="0" timestamp="2023-07-09T12:44:11 IST" skipped="0">
  <testcase classname="com.demowebshop.test_scripts.Test_Script_smartphone_search" name="smartphone" time="3.589"/>
  <system-out/>
</testsuite> <!-- com.demowebshop.test_scripts.Test_Script_smartphone_search -->
